<?xml version="1.0" encoding="UTF-8"?>
<!-- Generated by org.testng.reporters.JUnitReportReporter -->
<testsuite skipped="0" hostname="Prav001-PC" name="qaclickacademy.Mavenjava.SeleniumTest" tests="2" failures="0" timestamp="2020-07-08T13:17:44 CAT" time="0.004" errors="0">
  <testcase name="BrowserAutomation" time="0.002" classname="qaclickacademy.Mavenjava.SeleniumTest"/>
  <system-out/>
  <testcase name="elementsUi" time="0.002" classname="qaclickacademy.Mavenjava.SeleniumTest"/>
  <system-out/>
</testsuite> <!-- qaclickacademy.Mavenjava.SeleniumTest -->
