<?xml version="1.0" encoding="UTF-8"?>
<!-- Generated by org.testng.reporters.JUnitReportReporter -->
<testsuite skipped="0" hostname="Prav001-PC" name="qaclickacademy.Mavenjava.AppiumTest" tests="2" failures="0" timestamp="2020-07-08T13:17:44 CAT" time="0.005" errors="0">
  <testcase name="IOSApps" time="0.002" classname="qaclickacademy.Mavenjava.AppiumTest"/>
  <system-out/>
  <testcase name="NativeAppAndroid" time="0.003" classname="qaclickacademy.Mavenjava.AppiumTest"/>
  <system-out/>
</testsuite> <!-- qaclickacademy.Mavenjava.AppiumTest -->
