<?xml version="1.0" encoding="UTF-8"?>
<!-- Generated by org.testng.reporters.JUnitReportReporter -->
<testsuite skipped="0" hostname="Prav001-PC" name="qaclickacademy.Mavenjava.RESTAPITest" tests="2" failures="0" timestamp="08 Jul 2020 11:37:59 GMT" time="0.026" errors="0">
  <testcase name="postJira" time="0.000" classname="qaclickacademy.Mavenjava.RESTAPITest"/>
  <testcase name="deleteTwitter" time="0.026" classname="qaclickacademy.Mavenjava.RESTAPITest"/>
</testsuite> <!-- qaclickacademy.Mavenjava.RESTAPITest -->
