<?xml version="1.0" encoding="UTF-8"?>
<!-- Generated by org.testng.reporters.JUnitReportReporter -->
<testsuite skipped="0" hostname="Prav001-PC" name="qaclickacademy.Mavenjava.AppiumTest" tests="2" failures="0" timestamp="08 Jul 2020 11:37:34 GMT" time="0.002" errors="0">
  <testcase name="NativeAppAndroid" time="0.002" classname="qaclickacademy.Mavenjava.AppiumTest"/>
  <testcase name="IOSApps" time="0.000" classname="qaclickacademy.Mavenjava.AppiumTest"/>
</testsuite> <!-- qaclickacademy.Mavenjava.AppiumTest -->
